<?xml version="1.0" encoding="UTF-8"?>
<!-- Generated by org.testng.reporters.JUnitXMLReporter -->
<testsuite hostname="lenovo-PC" ignored="6" name="Default test" tests="1" failures="0" timestamp="28 May 2018 09:10:22 GMT" time="16.611" errors="0">
  <testcase name="loginTest" time="2.515" classname="com.actitime.tests.LoginPageTest"/>
  <testcase name="validateActimindLinkTest" time="0.0" classname="com.actitime.tests.LoginPageTest">
    <ignored/>
  </testcase> <!-- validateActimindLinkTest -->
  <testcase name="loginWithTestDataTest" time="0.0" classname="com.actitime.tests.LoginPageTest">
    <ignored/>
  </testcase> <!-- loginWithTestDataTest -->
  <testcase name="validateCopyrightTest" time="0.0" classname="com.actitime.tests.LoginPageTest">
    <ignored/>
  </testcase> <!-- validateCopyrightTest -->
  <testcase name="loginWithKeyboardTest" time="0.0" classname="com.actitime.tests.LoginPageTest">
    <ignored/>
  </testcase> <!-- loginWithKeyboardTest -->
  <testcase name="validateLoginPageTitleTest" time="0.0" classname="com.actitime.tests.LoginPageTest">
    <ignored/>
  </testcase> <!-- validateLoginPageTitleTest -->
  <testcase name="validateLoginPageTest" time="0.0" classname="com.actitime.tests.LoginPageTest">
    <ignored/>
  </testcase> <!-- validateLoginPageTest -->
</testsuite> <!-- Default test -->
