<?xml version="1.0" encoding="UTF-8" ?>
<testsuite tests="12" failures="3" name="TestSuite" time="11.441" errors="0" skipped="0">
  <properties>
[...]
</properties>
  <testcase classname="com.actitime.tests.LoginPageTest" name="validateLoginPageTest" time="0.023"/>
  <testcase classname="com.actitime.tests.LoginPageTest" name="validateLoginPageTitleTest" time="0.059"/>
  <testcase classname="com.actitime.tests.LoginPageTest" name="validateCopyrightTest" time="0.215"/>
  <testcase classname="com.actitime.tests.LoginPageTest" name="validateActimindLinkTest" time="0.622">
    <failure message="expected [true] but found [false]" type="java.lang.AssertionError">java.lang.AssertionError: expected [true] but found [false]
	at org.testng.Assert.fail(Assert.java:96)
	at org.testng.Assert.failNotEquals(Assert.java:776)
	at org.testng.Assert.assertTrue(Assert.java:44)
	at org.testng.Assert.assertTrue(Assert.java:54)
	at com.actitime.tests.LoginPageTest.validateActimindLinkTest(LoginPageTest.java:50)
</failure>
    <system-out>Before navigating to: &apos;http://lenovo-pc/login.do&apos;
Navigated to:&apos;http://lenovo-pc/login.do&apos;
Trying to find Element By : By.xpath: //a[@class=&apos;copyright&apos;]
Found Element By : By.xpath: //a[@class=&apos;copyright&apos;]
Trying to click on: [[ChromeDriver: chrome on XP (e623c0939730b4f095fe3481da467055)] -&gt; xpath: //a[@class=&apos;copyright&apos;]]
Clicked on: [[ChromeDriver: chrome on XP (e623c0939730b4f095fe3481da467055)] -&gt; xpath: //a[@class=&apos;copyright&apos;]]
</system-out>
    <system-err>Starting ChromeDriver 2.38.552522 (437e6fbedfa8762dec75e2c5b3ddb86763dc9dcb) on port 7891
Only local connections are allowed.
Jun 02, 2018 8:24:02 PM org.openqa.selenium.remote.ProtocolHandshake createSession
INFO: Detected dialect: OSS
</system-err>
  </testcase>
  <testcase classname="com.actitime.tests.LoginPageTest" name="loginTest" time="0.674">
    <failure message="expected [true] but found [false]" type="java.lang.AssertionError">java.lang.AssertionError: expected [true] but found [false]
	at org.testng.Assert.fail(Assert.java:96)
	at org.testng.Assert.failNotEquals(Assert.java:776)
	at org.testng.Assert.assertTrue(Assert.java:44)
	at org.testng.Assert.assertTrue(Assert.java:54)
	at com.actitime.tests.LoginPageTest.loginTest(LoginPageTest.java:57)
</failure>
    <system-out>Before navigating to: &apos;http://lenovo-pc/login.do&apos;
Navigated to:&apos;http://lenovo-pc/login.do&apos;
Trying to find Element By : By.xpath: //input[@name=&apos;username&apos;]
Found Element By : By.xpath: //input[@name=&apos;username&apos;]
Trying to find Element By : By.xpath: //input[@name=&apos;pwd&apos;]
Found Element By : By.xpath: //input[@name=&apos;pwd&apos;]
Trying to find Element By : By.xpath: //input[@type=&apos;submit&apos;]
Found Element By : By.xpath: //input[@type=&apos;submit&apos;]
Trying to click on: [[ChromeDriver: chrome on XP (5fa85cafc5e35d8a489e3084bf966a19)] -&gt; xpath: //input[@type=&apos;submit&apos;]]
Clicked on: [[ChromeDriver: chrome on XP (5fa85cafc5e35d8a489e3084bf966a19)] -&gt; xpath: //input[@type=&apos;submit&apos;]]
</system-out>
    <system-err>Starting ChromeDriver 2.38.552522 (437e6fbedfa8762dec75e2c5b3ddb86763dc9dcb) on port 17042
Only local connections are allowed.
Jun 02, 2018 8:24:12 PM org.openqa.selenium.remote.ProtocolHandshake createSession
INFO: Detected dialect: OSS
</system-err>
  </testcase>
  <testcase classname="com.actitime.tests.LoginPageTest" name="loginWithKeyboardTest" time="3.236"/>
  <testcase classname="com.actitime.tests.LoginPageTest" name="loginWithTestDataTest" time="0.588">
    <failure message="expected [true] but found [false]" type="java.lang.AssertionError">java.lang.AssertionError: expected [true] but found [false]
	at org.testng.Assert.fail(Assert.java:96)
	at org.testng.Assert.failNotEquals(Assert.java:776)
	at org.testng.Assert.assertTrue(Assert.java:44)
	at org.testng.Assert.assertTrue(Assert.java:54)
	at com.actitime.tests.LoginPageTest.loginWithTestDataTest(LoginPageTest.java:73)
</failure>
    <system-out>success3
Before navigating to: &apos;http://lenovo-pc/login.do&apos;
Navigated to:&apos;http://lenovo-pc/login.do&apos;
Trying to find Element By : By.xpath: //input[@name=&apos;username&apos;]
Found Element By : By.xpath: //input[@name=&apos;username&apos;]
Trying to find Element By : By.xpath: //input[@name=&apos;pwd&apos;]
Found Element By : By.xpath: //input[@name=&apos;pwd&apos;]
Trying to find Element By : By.xpath: //input[@type=&apos;submit&apos;]
Found Element By : By.xpath: //input[@type=&apos;submit&apos;]
Trying to click on: [[ChromeDriver: chrome on XP (bc54863ab1c215db04d7eb634a2ebd72)] -&gt; xpath: //input[@type=&apos;submit&apos;]]
Clicked on: [[ChromeDriver: chrome on XP (bc54863ab1c215db04d7eb634a2ebd72)] -&gt; xpath: //input[@type=&apos;submit&apos;]]
</system-out>
    <system-err>Starting ChromeDriver 2.38.552522 (437e6fbedfa8762dec75e2c5b3ddb86763dc9dcb) on port 39573
Only local connections are allowed.
Jun 02, 2018 8:24:34 PM org.openqa.selenium.remote.ProtocolHandshake createSession
INFO: Detected dialect: OSS
</system-err>
  </testcase>
  <testcase classname="com.actitime.tests.LoginPageTest" name="loginWithTestDataTest" time="1.806"/>
  <testcase classname="com.actitime.tests.LoginPageTest" name="loginWithTestDataTest" time="1.016"/>
  <testcase classname="com.actitime.tests.LoginPageTest" name="loginWithTestDataTest" time="0.982"/>
  <testcase classname="com.actitime.tests.LoginPageTest" name="loginWithTestDataTest" time="1.134"/>
  <testcase classname="com.actitime.tests.LoginPageTest" name="loginWithTestDataTest" time="1.086"/>
</testsuite>