<?xml version="1.0" encoding="UTF-8"?>
<testng-results skipped="0" failed="0" ignored="0" total="1" passed="1">
  <reporter-output>
  </reporter-output>
  <suite name="Default suite" duration-ms="57141" started-at="2018-06-06T02:08:04Z" finished-at="2018-06-06T02:09:01Z">
    <groups>
    </groups>
    <test name="Default test" duration-ms="57141" started-at="2018-06-06T02:08:04Z" finished-at="2018-06-06T02:09:01Z">
      <class name="Selenium_Practice.AshotDemo">
        <test-method status="PASS" signature="setup()[pri:0, instance:Selenium_Practice.AshotDemo@1723e30]" name="setup" is-config="true" duration-ms="15062" started-at="2018-06-06T07:38:04Z" finished-at="2018-06-06T07:38:19Z">
          <reporter-output>
          </reporter-output>
        </test-method> <!-- setup -->
        <test-method status="PASS" signature="fullScreenshotTest()[pri:0, instance:Selenium_Practice.AshotDemo@1723e30]" name="fullScreenshotTest" duration-ms="41992" started-at="2018-06-06T07:38:19Z" finished-at="2018-06-06T07:39:01Z">
          <reporter-output>
          </reporter-output>
        </test-method> <!-- fullScreenshotTest -->
      </class> <!-- Selenium_Practice.AshotDemo -->
    </test> <!-- Default test -->
  </suite> <!-- Default suite -->
</testng-results>
