<?xml version="1.0" encoding="UTF-8"?>
<testng-results skipped="0" failed="0" ignored="6" total="7" passed="1">
  <reporter-output>
  </reporter-output>
  <suite name="Default suite" duration-ms="16611" started-at="2018-05-28T09:10:05Z" finished-at="2018-05-28T09:10:22Z">
    <groups>
      <group name="Navigation Functionality Validation">
        <method signature="LoginPageTest.loginTest()[pri:5, instance:com.actitime.tests.LoginPageTest@d818d1]" name="loginTest" class="com.actitime.tests.LoginPageTest"/>
      </group> <!-- Navigation Functionality Validation -->
    </groups>
    <test name="Default test" duration-ms="16611" started-at="2018-05-28T09:10:05Z" finished-at="2018-05-28T09:10:22Z">
      <class name="com.actitime.tests.LoginPageTest">
        <test-method status="PASS" signature="setup()[pri:0, instance:com.actitime.tests.LoginPageTest@d818d1]" name="setup" is-config="true" duration-ms="13055" started-at="2018-05-28T14:40:05Z" finished-at="2018-05-28T14:40:18Z">
          <reporter-output>
          </reporter-output>
        </test-method> <!-- setup -->
        <test-method status="PASS" signature="loginTest()[pri:5, instance:com.actitime.tests.LoginPageTest@d818d1]" name="loginTest" duration-ms="2515" started-at="2018-05-28T14:40:18Z" description="TestCase ID:5145" finished-at="2018-05-28T14:40:21Z">
          <reporter-output>
          </reporter-output>
        </test-method> <!-- loginTest -->
        <test-method status="PASS" signature="TearDown()[pri:0, instance:com.actitime.tests.LoginPageTest@d818d1]" name="TearDown" is-config="true" duration-ms="899" started-at="2018-05-28T14:40:21Z" finished-at="2018-05-28T14:40:22Z">
          <reporter-output>
          </reporter-output>
        </test-method> <!-- TearDown -->
      </class> <!-- com.actitime.tests.LoginPageTest -->
    </test> <!-- Default test -->
  </suite> <!-- Default suite -->
</testng-results>
